ARM GAS  C:\Users\Admin\AppData\Local\Temp\ccaGXjpz.s 			page 1


   1              		.cpu cortex-m0
   2              		.fpu softvfp
   3              		.eabi_attribute 20, 1
   4              		.eabi_attribute 21, 1
   5              		.eabi_attribute 23, 3
   6              		.eabi_attribute 24, 1
   7              		.eabi_attribute 25, 1
   8              		.eabi_attribute 26, 1
   9              		.eabi_attribute 30, 6
  10              		.eabi_attribute 34, 0
  11              		.eabi_attribute 18, 4
  12              		.code	16
  13              		.file	"HeartRateProcessing.c"
  14              		.text
  15              	.Ltext0:
  16              		.cfi_sections	.debug_frame
  17              		.global	heartRate
  18              		.bss
  19              		.type	heartRate, %object
  20              		.size	heartRate, 1
  21              	heartRate:
  22 0000 00       		.space	1
  23              		.global	__aeabi_uidiv
  24              		.section	.text.ProcessHeartRateSignal,"ax",%progbits
  25              		.align	2
  26              		.global	ProcessHeartRateSignal
  27              		.code	16
  28              		.thumb_func
  29              		.type	ProcessHeartRateSignal, %function
  30              	ProcessHeartRateSignal:
  31              	.LFB35:
  32              		.file 1 ".\\HeartRateProcessing.c"
   1:.\HeartRateProcessing.c **** /*****************************************************************************
   2:.\HeartRateProcessing.c **** * File Name: HeartRateProcessing.c
   3:.\HeartRateProcessing.c **** *
   4:.\HeartRateProcessing.c **** * Version: 1.0
   5:.\HeartRateProcessing.c **** *
   6:.\HeartRateProcessing.c **** * Description:
   7:.\HeartRateProcessing.c **** * This file implements the heart rate measurement capability in the the PSoC 4 
   8:.\HeartRateProcessing.c **** * BLE Lab 3.
   9:.\HeartRateProcessing.c **** *
  10:.\HeartRateProcessing.c **** * Hardware Dependency:
  11:.\HeartRateProcessing.c **** * CY8CKIT-042 BLE Pioneer Kit
  12:.\HeartRateProcessing.c **** *
  13:.\HeartRateProcessing.c **** ******************************************************************************
  14:.\HeartRateProcessing.c **** * Copyright (2014), Cypress Semiconductor Corporation.
  15:.\HeartRateProcessing.c **** ******************************************************************************
  16:.\HeartRateProcessing.c **** * This software is owned by Cypress Semiconductor Corporation (Cypress) and is
  17:.\HeartRateProcessing.c **** * protected by and subject to worldwide patent protection (United States and
  18:.\HeartRateProcessing.c **** * foreign), United States copyright laws and international treaty provisions.
  19:.\HeartRateProcessing.c **** * Cypress hereby grants to licensee a personal, non-exclusive, non-transferable
  20:.\HeartRateProcessing.c **** * license to copy, use, modify, create derivative works of, and compile the
  21:.\HeartRateProcessing.c **** * Cypress Source Code and derivative works for the sole purpose of creating
  22:.\HeartRateProcessing.c **** * custom software in support of licensee product to be used only in conjunction
  23:.\HeartRateProcessing.c **** * with a Cypress integrated circuit as specified in the applicable agreement.
  24:.\HeartRateProcessing.c **** * Any reproduction, modification, translation, compilation, or representation of
  25:.\HeartRateProcessing.c **** * this software except as specified above is prohibited without the express
ARM GAS  C:\Users\Admin\AppData\Local\Temp\ccaGXjpz.s 			page 2


  26:.\HeartRateProcessing.c **** * written permission of Cypress.
  27:.\HeartRateProcessing.c **** *
  28:.\HeartRateProcessing.c **** * Disclaimer: CYPRESS MAKES NO WARRANTY OF ANY KIND, EXPRESS OR IMPLIED, WITH
  29:.\HeartRateProcessing.c **** * REGARD TO THIS MATERIAL, INCLUDING, BUT NOT LIMITED TO, THE IMPLIED
  30:.\HeartRateProcessing.c **** * WARRANTIES OF MERCHANTABILITY AND FITNESS FOR A PARTICULAR PURPOSE.
  31:.\HeartRateProcessing.c **** * Cypress reserves the right to make changes without further notice to the
  32:.\HeartRateProcessing.c **** * materials described herein. Cypress does not assume any liability arising out
  33:.\HeartRateProcessing.c **** * of the application or use of any product or circuit described herein. Cypress
  34:.\HeartRateProcessing.c **** * does not authorize its products for use as critical components in life-support
  35:.\HeartRateProcessing.c **** * systems where a malfunction or failure may reasonably be expected to result in
  36:.\HeartRateProcessing.c **** * significant injury to the user. The inclusion of Cypress' product in a life-
  37:.\HeartRateProcessing.c **** * support systems application implies that the manufacturer assumes all risk of
  38:.\HeartRateProcessing.c **** * such use and in doing so indemnifies Cypress against all charges. Use may be
  39:.\HeartRateProcessing.c **** * limited by and subject to the applicable Cypress software license agreement.
  40:.\HeartRateProcessing.c **** *****************************************************************************/
  41:.\HeartRateProcessing.c **** 
  42:.\HeartRateProcessing.c **** 
  43:.\HeartRateProcessing.c **** /*****************************************************************************
  44:.\HeartRateProcessing.c **** * Included headers
  45:.\HeartRateProcessing.c **** *****************************************************************************/
  46:.\HeartRateProcessing.c **** #include <project.h>
  47:.\HeartRateProcessing.c **** #include <stdbool.h>
  48:.\HeartRateProcessing.c **** #include "WatchdogTimer.h"
  49:.\HeartRateProcessing.c **** 
  50:.\HeartRateProcessing.c **** 
  51:.\HeartRateProcessing.c **** /*****************************************************************************
  52:.\HeartRateProcessing.c **** * Macros 
  53:.\HeartRateProcessing.c **** *****************************************************************************/
  54:.\HeartRateProcessing.c **** #define HEART_RATE_CHANNEL			        (0)
  55:.\HeartRateProcessing.c **** #define ADC_THRESHOLD 			            (0x06A0)
  56:.\HeartRateProcessing.c **** #define SEC_IN_MIN							(60)
  57:.\HeartRateProcessing.c **** #define MS_TO_SECOND                        (1000)
  58:.\HeartRateProcessing.c **** 
  59:.\HeartRateProcessing.c **** 
  60:.\HeartRateProcessing.c **** /*****************************************************************************
  61:.\HeartRateProcessing.c **** * Public variables 
  62:.\HeartRateProcessing.c **** *****************************************************************************/
  63:.\HeartRateProcessing.c **** uint8 heartRate = 0;
  64:.\HeartRateProcessing.c **** 
  65:.\HeartRateProcessing.c **** 
  66:.\HeartRateProcessing.c **** /*****************************************************************************
  67:.\HeartRateProcessing.c **** * Public function definitions
  68:.\HeartRateProcessing.c **** *****************************************************************************/
  69:.\HeartRateProcessing.c **** 
  70:.\HeartRateProcessing.c **** /*****************************************************************************
  71:.\HeartRateProcessing.c **** * Function Name: ProcessHeartRateSignal
  72:.\HeartRateProcessing.c **** ******************************************************************************
  73:.\HeartRateProcessing.c **** * Summary:
  74:.\HeartRateProcessing.c **** * Measures the heart rate of the user.
  75:.\HeartRateProcessing.c **** *
  76:.\HeartRateProcessing.c **** * Parameters:
  77:.\HeartRateProcessing.c **** * None
  78:.\HeartRateProcessing.c **** *
  79:.\HeartRateProcessing.c **** * Return:
  80:.\HeartRateProcessing.c **** * None
  81:.\HeartRateProcessing.c **** *
  82:.\HeartRateProcessing.c **** * Theory:
ARM GAS  C:\Users\Admin\AppData\Local\Temp\ccaGXjpz.s 			page 3


  83:.\HeartRateProcessing.c **** * This function acts as a simple model for heart rate measurement.
  84:.\HeartRateProcessing.c **** * The function takes the ADC sampled output and compares it to a threshold.
  85:.\HeartRateProcessing.c **** * If the ADC output is more than the threshold then it is considered as a 
  86:.\HeartRateProcessing.c **** * valid beat (R peak). The rising edge of this R peak is identified and the 
  87:.\HeartRateProcessing.c **** * corresponding system timestamp is noted. The RR-interval between two 
  88:.\HeartRateProcessing.c **** * peaks is then calculated and converted to a heart rate value in beats per
  89:.\HeartRateProcessing.c **** * minute. The RR-interval period is calculated over a rolling window.
  90:.\HeartRateProcessing.c **** *
  91:.\HeartRateProcessing.c **** * Side Effects:
  92:.\HeartRateProcessing.c **** * None
  93:.\HeartRateProcessing.c **** *
  94:.\HeartRateProcessing.c **** *****************************************************************************/
  95:.\HeartRateProcessing.c **** void ProcessHeartRateSignal(void)
  96:.\HeartRateProcessing.c **** {
  33              		.loc 1 96 0
  34              		.cfi_startproc
  35 0000 90B5     		push	{r4, r7, lr}
  36              		.cfi_def_cfa_offset 12
  37              		.cfi_offset 4, -12
  38              		.cfi_offset 7, -8
  39              		.cfi_offset 14, -4
  40 0002 83B0     		sub	sp, sp, #12
  41              		.cfi_def_cfa_offset 24
  42 0004 00AF     		add	r7, sp, #0
  43              		.cfi_def_cfa_register 7
  97:.\HeartRateProcessing.c ****     static bool newBeat = true;
  98:.\HeartRateProcessing.c ****     static bool firstTime = true;
  99:.\HeartRateProcessing.c ****     static uint32 previousBeatTime = 0;
 100:.\HeartRateProcessing.c ****     static uint32 newBeatTime = 0;
 101:.\HeartRateProcessing.c ****     int16 adcOut;
 102:.\HeartRateProcessing.c ****     uint32 twoSampleTime = 0;
  44              		.loc 1 102 0
  45 0006 0023     		mov	r3, #0
  46 0008 7B60     		str	r3, [r7, #4]
 103:.\HeartRateProcessing.c **** 
 104:.\HeartRateProcessing.c ****     /* Get the ADC output */
 105:.\HeartRateProcessing.c ****     ADC_StartConvert();
  47              		.loc 1 105 0
  48 000a FFF7FEFF 		bl	ADC_StartConvert
 106:.\HeartRateProcessing.c ****     ADC_IsEndConversion(ADC_WAIT_FOR_RESULT);
  49              		.loc 1 106 0
  50 000e 0220     		mov	r0, #2
  51 0010 FFF7FEFF 		bl	ADC_IsEndConversion
 107:.\HeartRateProcessing.c ****     adcOut = ADC_GetResult16(HEART_RATE_CHANNEL);
  52              		.loc 1 107 0
  53 0014 BC1C     		add	r4, r7, #2
  54 0016 0020     		mov	r0, #0
  55 0018 FFF7FEFF 		bl	ADC_GetResult16
  56 001c 031C     		mov	r3, r0
  57 001e 2380     		strh	r3, [r4]
 108:.\HeartRateProcessing.c ****     
 109:.\HeartRateProcessing.c ****     /* If the ADC output is more than a fixed threshold, consider that a 
 110:.\HeartRateProcessing.c ****      * valid R peak */
 111:.\HeartRateProcessing.c ****     if (PWM_1_ReadCounter() > PWM_1_ReadCompare())
  58              		.loc 1 111 0
  59 0020 FFF7FEFF 		bl	PWM_1_ReadCounter
  60 0024 041C     		mov	r4, r0
ARM GAS  C:\Users\Admin\AppData\Local\Temp\ccaGXjpz.s 			page 4


  61 0026 FFF7FEFF 		bl	PWM_1_ReadCompare
  62 002a 031C     		mov	r3, r0
  63 002c 9C42     		cmp	r4, r3
  64 002e 2ED9     		bls	.L2
 112:.\HeartRateProcessing.c ****     {
 113:.\HeartRateProcessing.c ****         
 114:.\HeartRateProcessing.c ****         /* Check if the R peak just started - i.e. identify the rising 
 115:.\HeartRateProcessing.c ****          * edge of the R peak */
 116:.\HeartRateProcessing.c ****         if(newBeat)
  65              		.loc 1 116 0
  66 0030 1A4B     		ldr	r3, .L7
  67 0032 1B78     		ldrb	r3, [r3]
  68 0034 002B     		cmp	r3, #0
  69 0036 26D0     		beq	.L3
 117:.\HeartRateProcessing.c ****         {
 118:.\HeartRateProcessing.c ****             /* Check if this is the first R-peak seen by the device yet.
 119:.\HeartRateProcessing.c ****              * If that is the case, we cannot calculate a heart rate value 
 120:.\HeartRateProcessing.c ****              * yet since a minimum of two peak time interval is required. 
 121:.\HeartRateProcessing.c ****              * Just note the timestamp of this peak.
 122:.\HeartRateProcessing.c ****              */
 123:.\HeartRateProcessing.c ****     		if(firstTime == true)
  70              		.loc 1 123 0
  71 0038 194B     		ldr	r3, .L7+4
  72 003a 1B78     		ldrb	r3, [r3]
  73 003c 002B     		cmp	r3, #0
  74 003e 08D0     		beq	.L4
 124:.\HeartRateProcessing.c ****     		{
 125:.\HeartRateProcessing.c ****     			firstTime = false;
  75              		.loc 1 125 0
  76 0040 174B     		ldr	r3, .L7+4
  77 0042 0022     		mov	r2, #0
  78 0044 1A70     		strb	r2, [r3]
 126:.\HeartRateProcessing.c ****     			previousBeatTime = WatchdogTimer_GetTimestamp();
  79              		.loc 1 126 0
  80 0046 FFF7FEFF 		bl	WatchdogTimer_GetTimestamp
  81 004a 021C     		mov	r2, r0
  82 004c 154B     		ldr	r3, .L7+8
  83 004e 1A60     		str	r2, [r3]
  84 0050 19E0     		b	.L3
  85              	.L4:
 127:.\HeartRateProcessing.c ****     		}
 128:.\HeartRateProcessing.c ****     		else
 129:.\HeartRateProcessing.c ****     		{
 130:.\HeartRateProcessing.c ****                 /* Rolling window of two samples. Note the timestamp of 
 131:.\HeartRateProcessing.c ****                  * the new peak and subtract the timestamp of the previous
 132:.\HeartRateProcessing.c ****                  * to obtain the RR-interval. Extrapolate it to get a heart
 133:.\HeartRateProcessing.c ****                  * beat value in beats per minute.
 134:.\HeartRateProcessing.c ****                  */
 135:.\HeartRateProcessing.c ****     			newBeatTime = WatchdogTimer_GetTimestamp();
  86              		.loc 1 135 0
  87 0052 FFF7FEFF 		bl	WatchdogTimer_GetTimestamp
  88 0056 021C     		mov	r2, r0
  89 0058 134B     		ldr	r3, .L7+12
  90 005a 1A60     		str	r2, [r3]
 136:.\HeartRateProcessing.c ****     			twoSampleTime = newBeatTime - previousBeatTime;
  91              		.loc 1 136 0
  92 005c 124B     		ldr	r3, .L7+12
ARM GAS  C:\Users\Admin\AppData\Local\Temp\ccaGXjpz.s 			page 5


  93 005e 1A68     		ldr	r2, [r3]
  94 0060 104B     		ldr	r3, .L7+8
  95 0062 1B68     		ldr	r3, [r3]
  96 0064 D31A     		sub	r3, r2, r3
  97 0066 7B60     		str	r3, [r7, #4]
 137:.\HeartRateProcessing.c ****                 
 138:.\HeartRateProcessing.c ****                 if(twoSampleTime != 0)
  98              		.loc 1 138 0
  99 0068 7B68     		ldr	r3, [r7, #4]
 100 006a 002B     		cmp	r3, #0
 101 006c 07D0     		beq	.L5
 139:.\HeartRateProcessing.c ****                 {
 140:.\HeartRateProcessing.c ****                     heartRate = (uint32)SEC_IN_MIN * MS_TO_SECOND / twoSampleTime;
 102              		.loc 1 140 0
 103 006e 0F48     		ldr	r0, .L7+16
 104 0070 7968     		ldr	r1, [r7, #4]
 105 0072 FFF7FEFF 		bl	__aeabi_uidiv
 106 0076 031C     		mov	r3, r0
 107 0078 DAB2     		uxtb	r2, r3
 108 007a 0D4B     		ldr	r3, .L7+20
 109 007c 1A70     		strb	r2, [r3]
 110              	.L5:
 141:.\HeartRateProcessing.c ****                 }
 142:.\HeartRateProcessing.c ****                 
 143:.\HeartRateProcessing.c ****                 previousBeatTime = newBeatTime;
 111              		.loc 1 143 0
 112 007e 0A4B     		ldr	r3, .L7+12
 113 0080 1A68     		ldr	r2, [r3]
 114 0082 084B     		ldr	r3, .L7+8
 115 0084 1A60     		str	r2, [r3]
 116              	.L3:
 144:.\HeartRateProcessing.c ****     		}
 145:.\HeartRateProcessing.c ****         }
 146:.\HeartRateProcessing.c ****         
 147:.\HeartRateProcessing.c ****         /* Clear the flag to indicate next time that this R peak has already
 148:.\HeartRateProcessing.c ****          * been accounted for and we need to wait for the next peak. 
 149:.\HeartRateProcessing.c ****          */
 150:.\HeartRateProcessing.c ****         newBeat = false;
 117              		.loc 1 150 0 discriminator 1
 118 0086 054B     		ldr	r3, .L7
 119 0088 0022     		mov	r2, #0
 120 008a 1A70     		strb	r2, [r3]
 121 008c 02E0     		b	.L1
 122              	.L2:
 151:.\HeartRateProcessing.c ****     }
 152:.\HeartRateProcessing.c ****     else
 153:.\HeartRateProcessing.c ****     {
 154:.\HeartRateProcessing.c ****         /* Set the flag to indicate that there is no R-peak going on right now.
 155:.\HeartRateProcessing.c ****          * So it is expected that the next time the ADC output is more than 
 156:.\HeartRateProcessing.c ****          * the threshold, it will be a new peak. 
 157:.\HeartRateProcessing.c ****          */
 158:.\HeartRateProcessing.c ****         newBeat = true;
 123              		.loc 1 158 0
 124 008e 034B     		ldr	r3, .L7
 125 0090 0122     		mov	r2, #1
 126 0092 1A70     		strb	r2, [r3]
 127              	.L1:
ARM GAS  C:\Users\Admin\AppData\Local\Temp\ccaGXjpz.s 			page 6


 159:.\HeartRateProcessing.c ****     }
 160:.\HeartRateProcessing.c **** }
 128              		.loc 1 160 0
 129 0094 BD46     		mov	sp, r7
 130 0096 03B0     		add	sp, sp, #12
 131              		@ sp needed
 132 0098 90BD     		pop	{r4, r7, pc}
 133              	.L8:
 134 009a C046     		.align	2
 135              	.L7:
 136 009c 00000000 		.word	newBeat.6568
 137 00a0 01000000 		.word	firstTime.6569
 138 00a4 04000000 		.word	previousBeatTime.6570
 139 00a8 08000000 		.word	newBeatTime.6571
 140 00ac 60EA0000 		.word	60000
 141 00b0 00000000 		.word	heartRate
 142              		.cfi_endproc
 143              	.LFE35:
 144              		.size	ProcessHeartRateSignal, .-ProcessHeartRateSignal
 145              		.data
 146              		.type	newBeat.6568, %object
 147              		.size	newBeat.6568, 1
 148              	newBeat.6568:
 149 0000 01       		.byte	1
 150              		.type	firstTime.6569, %object
 151              		.size	firstTime.6569, 1
 152              	firstTime.6569:
 153 0001 01       		.byte	1
 154              		.bss
 155 0001 000000   		.align	2
 156              	previousBeatTime.6570:
 157 0004 00000000 		.space	4
 158              		.align	2
 159              	newBeatTime.6571:
 160 0008 00000000 		.space	4
 161              		.text
 162              	.Letext0:
 163              		.file 2 ".\\Generated_Source\\PSoC4/cytypes.h"
 164              		.file 3 ".\\Generated_Source\\PSoC4/BLE_1_Stack.h"
 165              		.file 4 ".\\Generated_Source\\PSoC4/BLE_1_hrs.h"
 166              		.file 5 ".\\Generated_Source\\PSoC4/BLE_1_dis.h"
 167              		.section	.debug_info,"",%progbits
 168              	.Ldebug_info0:
 169 0000 09030000 		.4byte	0x309
 170 0004 0400     		.2byte	0x4
 171 0006 00000000 		.4byte	.Ldebug_abbrev0
 172 000a 04       		.byte	0x4
 173 000b 01       		.uleb128 0x1
 174 000c C8080000 		.4byte	.LASF91
 175 0010 01       		.byte	0x1
 176 0011 4C050000 		.4byte	.LASF92
 177 0015 67040000 		.4byte	.LASF93
 178 0019 00000000 		.4byte	.Ldebug_ranges0+0
 179 001d 00000000 		.4byte	0
 180 0021 00000000 		.4byte	.Ldebug_line0
 181 0025 02       		.uleb128 0x2
 182 0026 01       		.byte	0x1
ARM GAS  C:\Users\Admin\AppData\Local\Temp\ccaGXjpz.s 			page 7


 183 0027 06       		.byte	0x6
 184 0028 1A040000 		.4byte	.LASF0
 185 002c 02       		.uleb128 0x2
 186 002d 01       		.byte	0x1
 187 002e 08       		.byte	0x8
 188 002f D7030000 		.4byte	.LASF1
 189 0033 02       		.uleb128 0x2
 190 0034 02       		.byte	0x2
 191 0035 05       		.byte	0x5
 192 0036 3B000000 		.4byte	.LASF2
 193 003a 02       		.uleb128 0x2
 194 003b 02       		.byte	0x2
 195 003c 07       		.byte	0x7
 196 003d BF050000 		.4byte	.LASF3
 197 0041 02       		.uleb128 0x2
 198 0042 04       		.byte	0x4
 199 0043 05       		.byte	0x5
 200 0044 94020000 		.4byte	.LASF4
 201 0048 02       		.uleb128 0x2
 202 0049 04       		.byte	0x4
 203 004a 07       		.byte	0x7
 204 004b CC040000 		.4byte	.LASF5
 205 004f 02       		.uleb128 0x2
 206 0050 08       		.byte	0x8
 207 0051 05       		.byte	0x5
 208 0052 6F020000 		.4byte	.LASF6
 209 0056 02       		.uleb128 0x2
 210 0057 08       		.byte	0x8
 211 0058 07       		.byte	0x7
 212 0059 7D020000 		.4byte	.LASF7
 213 005d 03       		.uleb128 0x3
 214 005e 04       		.byte	0x4
 215 005f 05       		.byte	0x5
 216 0060 696E7400 		.ascii	"int\000"
 217 0064 02       		.uleb128 0x2
 218 0065 04       		.byte	0x4
 219 0066 07       		.byte	0x7
 220 0067 A4040000 		.4byte	.LASF8
 221 006b 04       		.uleb128 0x4
 222 006c 9F030000 		.4byte	.LASF9
 223 0070 02       		.byte	0x2
 224 0071 A1       		.byte	0xa1
 225 0072 2C000000 		.4byte	0x2c
 226 0076 04       		.uleb128 0x4
 227 0077 2D060000 		.4byte	.LASF10
 228 007b 02       		.byte	0x2
 229 007c A3       		.byte	0xa3
 230 007d 48000000 		.4byte	0x48
 231 0081 04       		.uleb128 0x4
 232 0082 73010000 		.4byte	.LASF11
 233 0086 02       		.byte	0x2
 234 0087 A5       		.byte	0xa5
 235 0088 33000000 		.4byte	0x33
 236 008c 02       		.uleb128 0x2
 237 008d 04       		.byte	0x4
 238 008e 04       		.byte	0x4
 239 008f 33020000 		.4byte	.LASF12
ARM GAS  C:\Users\Admin\AppData\Local\Temp\ccaGXjpz.s 			page 8


 240 0093 02       		.uleb128 0x2
 241 0094 08       		.byte	0x8
 242 0095 04       		.byte	0x4
 243 0096 75060000 		.4byte	.LASF13
 244 009a 02       		.uleb128 0x2
 245 009b 01       		.byte	0x1
 246 009c 08       		.byte	0x8
 247 009d 9E050000 		.4byte	.LASF14
 248 00a1 02       		.uleb128 0x2
 249 00a2 04       		.byte	0x4
 250 00a3 07       		.byte	0x7
 251 00a4 7D000000 		.4byte	.LASF15
 252 00a8 05       		.uleb128 0x5
 253 00a9 01       		.byte	0x1
 254 00aa 03       		.byte	0x3
 255 00ab 58       		.byte	0x58
 256 00ac 18020000 		.4byte	0x218
 257 00b0 06       		.uleb128 0x6
 258 00b1 DD010000 		.4byte	.LASF16
 259 00b5 00       		.sleb128 0
 260 00b6 06       		.uleb128 0x6
 261 00b7 38010000 		.4byte	.LASF17
 262 00bb 01       		.sleb128 1
 263 00bc 06       		.uleb128 0x6
 264 00bd DF070000 		.4byte	.LASF18
 265 00c1 02       		.sleb128 2
 266 00c2 06       		.uleb128 0x6
 267 00c3 EA060000 		.4byte	.LASF19
 268 00c7 03       		.sleb128 3
 269 00c8 06       		.uleb128 0x6
 270 00c9 02010000 		.4byte	.LASF20
 271 00cd 04       		.sleb128 4
 272 00ce 06       		.uleb128 0x6
 273 00cf 0C030000 		.4byte	.LASF21
 274 00d3 05       		.sleb128 5
 275 00d4 06       		.uleb128 0x6
 276 00d5 48070000 		.4byte	.LASF22
 277 00d9 20       		.sleb128 32
 278 00da 06       		.uleb128 0x6
 279 00db DE040000 		.4byte	.LASF23
 280 00df 21       		.sleb128 33
 281 00e0 06       		.uleb128 0x6
 282 00e1 00000000 		.4byte	.LASF24
 283 00e5 22       		.sleb128 34
 284 00e6 06       		.uleb128 0x6
 285 00e7 3F030000 		.4byte	.LASF25
 286 00eb 23       		.sleb128 35
 287 00ec 06       		.uleb128 0x6
 288 00ed 39020000 		.4byte	.LASF26
 289 00f1 24       		.sleb128 36
 290 00f2 06       		.uleb128 0x6
 291 00f3 45000000 		.4byte	.LASF27
 292 00f7 25       		.sleb128 37
 293 00f8 06       		.uleb128 0x6
 294 00f9 C2060000 		.4byte	.LASF28
 295 00fd 26       		.sleb128 38
 296 00fe 06       		.uleb128 0x6
ARM GAS  C:\Users\Admin\AppData\Local\Temp\ccaGXjpz.s 			page 9


 297 00ff BE020000 		.4byte	.LASF29
 298 0103 27       		.sleb128 39
 299 0104 06       		.uleb128 0x6
 300 0105 82080000 		.4byte	.LASF30
 301 0109 28       		.sleb128 40
 302 010a 06       		.uleb128 0x6
 303 010b 16050000 		.4byte	.LASF31
 304 010f 29       		.sleb128 41
 305 0110 06       		.uleb128 0x6
 306 0111 64050000 		.4byte	.LASF32
 307 0115 2A       		.sleb128 42
 308 0116 06       		.uleb128 0x6
 309 0117 15080000 		.4byte	.LASF33
 310 011b 2B       		.sleb128 43
 311 011c 06       		.uleb128 0x6
 312 011d 79010000 		.4byte	.LASF34
 313 0121 2C       		.sleb128 44
 314 0122 06       		.uleb128 0x6
 315 0123 B3000000 		.4byte	.LASF35
 316 0127 C000     		.sleb128 64
 317 0129 06       		.uleb128 0x6
 318 012a B1040000 		.4byte	.LASF36
 319 012e C100     		.sleb128 65
 320 0130 06       		.uleb128 0x6
 321 0131 5F000000 		.4byte	.LASF37
 322 0135 C200     		.sleb128 66
 323 0137 06       		.uleb128 0x6
 324 0138 4B010000 		.4byte	.LASF38
 325 013c C300     		.sleb128 67
 326 013e 06       		.uleb128 0x6
 327 013f AA070000 		.4byte	.LASF39
 328 0143 C400     		.sleb128 68
 329 0145 06       		.uleb128 0x6
 330 0146 6C070000 		.4byte	.LASF40
 331 014a C500     		.sleb128 69
 332 014c 06       		.uleb128 0x6
 333 014d 17010000 		.4byte	.LASF41
 334 0151 C600     		.sleb128 70
 335 0153 06       		.uleb128 0x6
 336 0154 3B080000 		.4byte	.LASF42
 337 0158 C700     		.sleb128 71
 338 015a 06       		.uleb128 0x6
 339 015b 40040000 		.4byte	.LASF43
 340 015f C800     		.sleb128 72
 341 0161 06       		.uleb128 0x6
 342 0162 33050000 		.4byte	.LASF44
 343 0166 C900     		.sleb128 73
 344 0168 06       		.uleb128 0x6
 345 0169 F0050000 		.4byte	.LASF45
 346 016d CA00     		.sleb128 74
 347 016f 06       		.uleb128 0x6
 348 0170 9D010000 		.4byte	.LASF46
 349 0174 CB00     		.sleb128 75
 350 0176 06       		.uleb128 0x6
 351 0177 26040000 		.4byte	.LASF47
 352 017b CC00     		.sleb128 76
 353 017d 06       		.uleb128 0x6
ARM GAS  C:\Users\Admin\AppData\Local\Temp\ccaGXjpz.s 			page 10


 354 017e 55020000 		.4byte	.LASF48
 355 0182 CD00     		.sleb128 77
 356 0184 06       		.uleb128 0x6
 357 0185 E4000000 		.4byte	.LASF49
 358 0189 CE00     		.sleb128 78
 359 018b 06       		.uleb128 0x6
 360 018c E5030000 		.4byte	.LASF50
 361 0190 CF00     		.sleb128 79
 362 0192 06       		.uleb128 0x6
 363 0193 63080000 		.4byte	.LASF51
 364 0197 D000     		.sleb128 80
 365 0199 06       		.uleb128 0x6
 366 019a 0E060000 		.4byte	.LASF52
 367 019e D100     		.sleb128 81
 368 01a0 06       		.uleb128 0x6
 369 01a1 EB020000 		.4byte	.LASF53
 370 01a5 D200     		.sleb128 82
 371 01a7 06       		.uleb128 0x6
 372 01a8 9D020000 		.4byte	.LASF54
 373 01ac D300     		.sleb128 83
 374 01ae 06       		.uleb128 0x6
 375 01af BC010000 		.4byte	.LASF55
 376 01b3 D400     		.sleb128 84
 377 01b5 06       		.uleb128 0x6
 378 01b6 A4080000 		.4byte	.LASF56
 379 01ba D500     		.sleb128 85
 380 01bc 06       		.uleb128 0x6
 381 01bd B1030000 		.4byte	.LASF57
 382 01c1 F000     		.sleb128 112
 383 01c3 06       		.uleb128 0x6
 384 01c4 22070000 		.4byte	.LASF58
 385 01c8 F100     		.sleb128 113
 386 01ca 06       		.uleb128 0x6
 387 01cb A3050000 		.4byte	.LASF59
 388 01cf F200     		.sleb128 114
 389 01d1 06       		.uleb128 0x6
 390 01d2 F4010000 		.4byte	.LASF60
 391 01d6 F300     		.sleb128 115
 392 01d8 06       		.uleb128 0x6
 393 01d9 73030000 		.4byte	.LASF61
 394 01dd F400     		.sleb128 116
 395 01df 06       		.uleb128 0x6
 396 01e0 F5040000 		.4byte	.LASF62
 397 01e4 F500     		.sleb128 117
 398 01e6 06       		.uleb128 0x6
 399 01e7 12020000 		.4byte	.LASF63
 400 01eb F600     		.sleb128 118
 401 01ed 06       		.uleb128 0x6
 402 01ee 03070000 		.4byte	.LASF64
 403 01f2 F700     		.sleb128 119
 404 01f4 06       		.uleb128 0x6
 405 01f5 52060000 		.4byte	.LASF65
 406 01f9 F800     		.sleb128 120
 407 01fb 06       		.uleb128 0x6
 408 01fc 8A060000 		.4byte	.LASF66
 409 0200 F900     		.sleb128 121
 410 0202 06       		.uleb128 0x6
ARM GAS  C:\Users\Admin\AppData\Local\Temp\ccaGXjpz.s 			page 11


 411 0203 F1070000 		.4byte	.LASF67
 412 0207 FA00     		.sleb128 122
 413 0209 06       		.uleb128 0x6
 414 020a 34060000 		.4byte	.LASF68
 415 020e FA01     		.sleb128 250
 416 0210 06       		.uleb128 0x6
 417 0211 91030000 		.4byte	.LASF69
 418 0215 FF01     		.sleb128 255
 419 0217 00       		.byte	0
 420 0218 05       		.uleb128 0x5
 421 0219 01       		.byte	0x1
 422 021a 04       		.byte	0x4
 423 021b 22       		.byte	0x22
 424 021c 39020000 		.4byte	0x239
 425 0220 06       		.uleb128 0x6
 426 0221 65030000 		.4byte	.LASF70
 427 0225 00       		.sleb128 0
 428 0226 06       		.uleb128 0x6
 429 0227 DD020000 		.4byte	.LASF71
 430 022b 01       		.sleb128 1
 431 022c 06       		.uleb128 0x6
 432 022d 0C040000 		.4byte	.LASF72
 433 0231 02       		.sleb128 2
 434 0232 06       		.uleb128 0x6
 435 0233 86000000 		.4byte	.LASF73
 436 0237 03       		.sleb128 3
 437 0238 00       		.byte	0
 438 0239 05       		.uleb128 0x5
 439 023a 01       		.byte	0x1
 440 023b 05       		.byte	0x5
 441 023c 1D       		.byte	0x1d
 442 023d 7E020000 		.4byte	0x27e
 443 0241 06       		.uleb128 0x6
 444 0242 58090000 		.4byte	.LASF74
 445 0246 00       		.sleb128 0
 446 0247 06       		.uleb128 0x6
 447 0248 28030000 		.4byte	.LASF75
 448 024c 01       		.sleb128 1
 449 024d 06       		.uleb128 0x6
 450 024e 9B000000 		.4byte	.LASF76
 451 0252 02       		.sleb128 2
 452 0253 06       		.uleb128 0x6
 453 0254 C8070000 		.4byte	.LASF77
 454 0258 03       		.sleb128 3
 455 0259 06       		.uleb128 0x6
 456 025a 93070000 		.4byte	.LASF78
 457 025e 04       		.sleb128 4
 458 025f 06       		.uleb128 0x6
 459 0260 CD000000 		.4byte	.LASF79
 460 0264 05       		.sleb128 5
 461 0265 06       		.uleb128 0x6
 462 0266 44090000 		.4byte	.LASF80
 463 026a 06       		.sleb128 6
 464 026b 06       		.uleb128 0x6
 465 026c D8050000 		.4byte	.LASF81
 466 0270 07       		.sleb128 7
 467 0271 06       		.uleb128 0x6
ARM GAS  C:\Users\Admin\AppData\Local\Temp\ccaGXjpz.s 			page 12


 468 0272 74090000 		.4byte	.LASF82
 469 0276 08       		.sleb128 8
 470 0277 06       		.uleb128 0x6
 471 0278 AD060000 		.4byte	.LASF83
 472 027c 09       		.sleb128 9
 473 027d 00       		.byte	0
 474 027e 07       		.uleb128 0x7
 475 027f 24000000 		.4byte	.LASF94
 476 0283 01       		.byte	0x1
 477 0284 5F       		.byte	0x5f
 478 0285 00000000 		.4byte	.LFB35
 479 0289 B4000000 		.4byte	.LFE35-.LFB35
 480 028d 01       		.uleb128 0x1
 481 028e 9C       		.byte	0x9c
 482 028f F4020000 		.4byte	0x2f4
 483 0293 08       		.uleb128 0x8
 484 0294 04040000 		.4byte	.LASF84
 485 0298 01       		.byte	0x1
 486 0299 61       		.byte	0x61
 487 029a F4020000 		.4byte	0x2f4
 488 029e 05       		.uleb128 0x5
 489 029f 03       		.byte	0x3
 490 02a0 00000000 		.4byte	newBeat.6568
 491 02a4 08       		.uleb128 0x8
 492 02a5 69010000 		.4byte	.LASF85
 493 02a9 01       		.byte	0x1
 494 02aa 62       		.byte	0x62
 495 02ab F4020000 		.4byte	0x2f4
 496 02af 05       		.uleb128 0x5
 497 02b0 03       		.byte	0x3
 498 02b1 01000000 		.4byte	firstTime.6569
 499 02b5 08       		.uleb128 0x8
 500 02b6 8D050000 		.4byte	.LASF86
 501 02ba 01       		.byte	0x1
 502 02bb 63       		.byte	0x63
 503 02bc 76000000 		.4byte	0x76
 504 02c0 05       		.uleb128 0x5
 505 02c1 03       		.byte	0x3
 506 02c2 04000000 		.4byte	previousBeatTime.6570
 507 02c6 08       		.uleb128 0x8
 508 02c7 A5030000 		.4byte	.LASF87
 509 02cb 01       		.byte	0x1
 510 02cc 64       		.byte	0x64
 511 02cd 76000000 		.4byte	0x76
 512 02d1 05       		.uleb128 0x5
 513 02d2 03       		.byte	0x3
 514 02d3 08000000 		.4byte	newBeatTime.6571
 515 02d7 08       		.uleb128 0x8
 516 02d8 34080000 		.4byte	.LASF88
 517 02dc 01       		.byte	0x1
 518 02dd 65       		.byte	0x65
 519 02de 81000000 		.4byte	0x81
 520 02e2 02       		.uleb128 0x2
 521 02e3 91       		.byte	0x91
 522 02e4 6A       		.sleb128 -22
 523 02e5 08       		.uleb128 0x8
 524 02e6 7C060000 		.4byte	.LASF89
ARM GAS  C:\Users\Admin\AppData\Local\Temp\ccaGXjpz.s 			page 13


 525 02ea 01       		.byte	0x1
 526 02eb 66       		.byte	0x66
 527 02ec 76000000 		.4byte	0x76
 528 02f0 02       		.uleb128 0x2
 529 02f1 91       		.byte	0x91
 530 02f2 6C       		.sleb128 -20
 531 02f3 00       		.byte	0
 532 02f4 02       		.uleb128 0x2
 533 02f5 01       		.byte	0x1
 534 02f6 02       		.byte	0x2
 535 02f7 D2050000 		.4byte	.LASF90
 536 02fb 09       		.uleb128 0x9
 537 02fc 59080000 		.4byte	.LASF95
 538 0300 01       		.byte	0x1
 539 0301 3F       		.byte	0x3f
 540 0302 6B000000 		.4byte	0x6b
 541 0306 05       		.uleb128 0x5
 542 0307 03       		.byte	0x3
 543 0308 00000000 		.4byte	heartRate
 544 030c 00       		.byte	0
 545              		.section	.debug_abbrev,"",%progbits
 546              	.Ldebug_abbrev0:
 547 0000 01       		.uleb128 0x1
 548 0001 11       		.uleb128 0x11
 549 0002 01       		.byte	0x1
 550 0003 25       		.uleb128 0x25
 551 0004 0E       		.uleb128 0xe
 552 0005 13       		.uleb128 0x13
 553 0006 0B       		.uleb128 0xb
 554 0007 03       		.uleb128 0x3
 555 0008 0E       		.uleb128 0xe
 556 0009 1B       		.uleb128 0x1b
 557 000a 0E       		.uleb128 0xe
 558 000b 55       		.uleb128 0x55
 559 000c 17       		.uleb128 0x17
 560 000d 11       		.uleb128 0x11
 561 000e 01       		.uleb128 0x1
 562 000f 10       		.uleb128 0x10
 563 0010 17       		.uleb128 0x17
 564 0011 00       		.byte	0
 565 0012 00       		.byte	0
 566 0013 02       		.uleb128 0x2
 567 0014 24       		.uleb128 0x24
 568 0015 00       		.byte	0
 569 0016 0B       		.uleb128 0xb
 570 0017 0B       		.uleb128 0xb
 571 0018 3E       		.uleb128 0x3e
 572 0019 0B       		.uleb128 0xb
 573 001a 03       		.uleb128 0x3
 574 001b 0E       		.uleb128 0xe
 575 001c 00       		.byte	0
 576 001d 00       		.byte	0
 577 001e 03       		.uleb128 0x3
 578 001f 24       		.uleb128 0x24
 579 0020 00       		.byte	0
 580 0021 0B       		.uleb128 0xb
 581 0022 0B       		.uleb128 0xb
ARM GAS  C:\Users\Admin\AppData\Local\Temp\ccaGXjpz.s 			page 14


 582 0023 3E       		.uleb128 0x3e
 583 0024 0B       		.uleb128 0xb
 584 0025 03       		.uleb128 0x3
 585 0026 08       		.uleb128 0x8
 586 0027 00       		.byte	0
 587 0028 00       		.byte	0
 588 0029 04       		.uleb128 0x4
 589 002a 16       		.uleb128 0x16
 590 002b 00       		.byte	0
 591 002c 03       		.uleb128 0x3
 592 002d 0E       		.uleb128 0xe
 593 002e 3A       		.uleb128 0x3a
 594 002f 0B       		.uleb128 0xb
 595 0030 3B       		.uleb128 0x3b
 596 0031 0B       		.uleb128 0xb
 597 0032 49       		.uleb128 0x49
 598 0033 13       		.uleb128 0x13
 599 0034 00       		.byte	0
 600 0035 00       		.byte	0
 601 0036 05       		.uleb128 0x5
 602 0037 04       		.uleb128 0x4
 603 0038 01       		.byte	0x1
 604 0039 0B       		.uleb128 0xb
 605 003a 0B       		.uleb128 0xb
 606 003b 3A       		.uleb128 0x3a
 607 003c 0B       		.uleb128 0xb
 608 003d 3B       		.uleb128 0x3b
 609 003e 0B       		.uleb128 0xb
 610 003f 01       		.uleb128 0x1
 611 0040 13       		.uleb128 0x13
 612 0041 00       		.byte	0
 613 0042 00       		.byte	0
 614 0043 06       		.uleb128 0x6
 615 0044 28       		.uleb128 0x28
 616 0045 00       		.byte	0
 617 0046 03       		.uleb128 0x3
 618 0047 0E       		.uleb128 0xe
 619 0048 1C       		.uleb128 0x1c
 620 0049 0D       		.uleb128 0xd
 621 004a 00       		.byte	0
 622 004b 00       		.byte	0
 623 004c 07       		.uleb128 0x7
 624 004d 2E       		.uleb128 0x2e
 625 004e 01       		.byte	0x1
 626 004f 3F       		.uleb128 0x3f
 627 0050 19       		.uleb128 0x19
 628 0051 03       		.uleb128 0x3
 629 0052 0E       		.uleb128 0xe
 630 0053 3A       		.uleb128 0x3a
 631 0054 0B       		.uleb128 0xb
 632 0055 3B       		.uleb128 0x3b
 633 0056 0B       		.uleb128 0xb
 634 0057 27       		.uleb128 0x27
 635 0058 19       		.uleb128 0x19
 636 0059 11       		.uleb128 0x11
 637 005a 01       		.uleb128 0x1
 638 005b 12       		.uleb128 0x12
ARM GAS  C:\Users\Admin\AppData\Local\Temp\ccaGXjpz.s 			page 15


 639 005c 06       		.uleb128 0x6
 640 005d 40       		.uleb128 0x40
 641 005e 18       		.uleb128 0x18
 642 005f 9642     		.uleb128 0x2116
 643 0061 19       		.uleb128 0x19
 644 0062 01       		.uleb128 0x1
 645 0063 13       		.uleb128 0x13
 646 0064 00       		.byte	0
 647 0065 00       		.byte	0
 648 0066 08       		.uleb128 0x8
 649 0067 34       		.uleb128 0x34
 650 0068 00       		.byte	0
 651 0069 03       		.uleb128 0x3
 652 006a 0E       		.uleb128 0xe
 653 006b 3A       		.uleb128 0x3a
 654 006c 0B       		.uleb128 0xb
 655 006d 3B       		.uleb128 0x3b
 656 006e 0B       		.uleb128 0xb
 657 006f 49       		.uleb128 0x49
 658 0070 13       		.uleb128 0x13
 659 0071 02       		.uleb128 0x2
 660 0072 18       		.uleb128 0x18
 661 0073 00       		.byte	0
 662 0074 00       		.byte	0
 663 0075 09       		.uleb128 0x9
 664 0076 34       		.uleb128 0x34
 665 0077 00       		.byte	0
 666 0078 03       		.uleb128 0x3
 667 0079 0E       		.uleb128 0xe
 668 007a 3A       		.uleb128 0x3a
 669 007b 0B       		.uleb128 0xb
 670 007c 3B       		.uleb128 0x3b
 671 007d 0B       		.uleb128 0xb
 672 007e 49       		.uleb128 0x49
 673 007f 13       		.uleb128 0x13
 674 0080 3F       		.uleb128 0x3f
 675 0081 19       		.uleb128 0x19
 676 0082 02       		.uleb128 0x2
 677 0083 18       		.uleb128 0x18
 678 0084 00       		.byte	0
 679 0085 00       		.byte	0
 680 0086 00       		.byte	0
 681              		.section	.debug_aranges,"",%progbits
 682 0000 1C000000 		.4byte	0x1c
 683 0004 0200     		.2byte	0x2
 684 0006 00000000 		.4byte	.Ldebug_info0
 685 000a 04       		.byte	0x4
 686 000b 00       		.byte	0
 687 000c 0000     		.2byte	0
 688 000e 0000     		.2byte	0
 689 0010 00000000 		.4byte	.LFB35
 690 0014 B4000000 		.4byte	.LFE35-.LFB35
 691 0018 00000000 		.4byte	0
 692 001c 00000000 		.4byte	0
 693              		.section	.debug_ranges,"",%progbits
 694              	.Ldebug_ranges0:
 695 0000 00000000 		.4byte	.LFB35
ARM GAS  C:\Users\Admin\AppData\Local\Temp\ccaGXjpz.s 			page 16


 696 0004 B4000000 		.4byte	.LFE35
 697 0008 00000000 		.4byte	0
 698 000c 00000000 		.4byte	0
 699              		.section	.debug_line,"",%progbits
 700              	.Ldebug_line0:
 701 0000 B0000000 		.section	.debug_str,"MS",%progbits,1
 701      02008300 
 701      00000201 
 701      FB0E0D00 
 701      01010101 
 702              	.LASF24:
 703 0000 4359424C 		.ascii	"CYBLE_EVT_GAP_PASSKEY_ENTRY_REQUEST\000"
 703      455F4556 
 703      545F4741 
 703      505F5041 
 703      53534B45 
 704              	.LASF94:
 705 0024 50726F63 		.ascii	"ProcessHeartRateSignal\000"
 705      65737348 
 705      65617274 
 705      52617465 
 705      5369676E 
 706              	.LASF2:
 707 003b 73686F72 		.ascii	"short int\000"
 707      7420696E 
 707      7400
 708              	.LASF27:
 709 0045 4359424C 		.ascii	"CYBLE_EVT_GAP_AUTH_FAILED\000"
 709      455F4556 
 709      545F4741 
 709      505F4155 
 709      54485F46 
 710              	.LASF37:
 711 005f 4359424C 		.ascii	"CYBLE_EVT_GATT_DISCONNECT_IND\000"
 711      455F4556 
 711      545F4741 
 711      54545F44 
 711      4953434F 
 712              	.LASF15:
 713 007d 73697A65 		.ascii	"sizetype\000"
 713      74797065 
 713      00
 714              	.LASF73:
 715 0086 4359424C 		.ascii	"CYBLE_HRS_CHAR_COUNT\000"
 715      455F4852 
 715      535F4348 
 715      41525F43 
 715      4F554E54 
 716              	.LASF76:
 717 009b 4359424C 		.ascii	"CYBLE_DIS_SERIAL_NUMBER\000"
 717      455F4449 
 717      535F5345 
 717      5249414C 
 717      5F4E554D 
 718              	.LASF35:
 719 00b3 4359424C 		.ascii	"CYBLE_EVT_GATTC_ERROR_RSP\000"
 719      455F4556 
ARM GAS  C:\Users\Admin\AppData\Local\Temp\ccaGXjpz.s 			page 17


 719      545F4741 
 719      5454435F 
 719      4552524F 
 720              	.LASF79:
 721 00cd 4359424C 		.ascii	"CYBLE_DIS_SOFTWARE_REV\000"
 721      455F4449 
 721      535F534F 
 721      46545741 
 721      52455F52 
 722              	.LASF49:
 723 00e4 4359424C 		.ascii	"CYBLE_EVT_GATTS_WRITE_CMD_REQ\000"
 723      455F4556 
 723      545F4741 
 723      5454535F 
 723      57524954 
 724              	.LASF20:
 725 0102 4359424C 		.ascii	"CYBLE_EVT_HCI_STATUS\000"
 725      455F4556 
 725      545F4843 
 725      495F5354 
 725      41545553 
 726              	.LASF41:
 727 0117 4359424C 		.ascii	"CYBLE_EVT_GATTC_READ_BY_TYPE_RSP\000"
 727      455F4556 
 727      545F4741 
 727      5454435F 
 727      52454144 
 728              	.LASF17:
 729 0138 4359424C 		.ascii	"CYBLE_EVT_STACK_ON\000"
 729      455F4556 
 729      545F5354 
 729      41434B5F 
 729      4F4E00
 730              	.LASF38:
 731 014b 4359424C 		.ascii	"CYBLE_EVT_GATTS_XCNHG_MTU_REQ\000"
 731      455F4556 
 731      545F4741 
 731      5454535F 
 731      58434E48 
 732              	.LASF85:
 733 0169 66697273 		.ascii	"firstTime\000"
 733      7454696D 
 733      6500
 734              	.LASF11:
 735 0173 696E7431 		.ascii	"int16\000"
 735      3600
 736              	.LASF34:
 737 0179 4359424C 		.ascii	"CYBLE_EVT_GAP_KEYINFO_EXCHNGE_CMPLT\000"
 737      455F4556 
 737      545F4741 
 737      505F4B45 
 737      59494E46 
 738              	.LASF46:
 739 019d 4359424C 		.ascii	"CYBLE_EVT_GATTC_READ_MULTI_RSP\000"
 739      455F4556 
 739      545F4741 
 739      5454435F 
ARM GAS  C:\Users\Admin\AppData\Local\Temp\ccaGXjpz.s 			page 18


 739      52454144 
 740              	.LASF55:
 741 01bc 4359424C 		.ascii	"CYBLE_EVT_GATTS_HANDLE_VALUE_CNF\000"
 741      455F4556 
 741      545F4741 
 741      5454535F 
 741      48414E44 
 742              	.LASF16:
 743 01dd 4359424C 		.ascii	"CYBLE_EVT_HOST_INVALID\000"
 743      455F4556 
 743      545F484F 
 743      53545F49 
 743      4E56414C 
 744              	.LASF60:
 745 01f4 4359424C 		.ascii	"CYBLE_EVT_L2CAP_CBFC_CONN_IND\000"
 745      455F4556 
 745      545F4C32 
 745      4341505F 
 745      43424643 
 746              	.LASF63:
 747 0212 4359424C 		.ascii	"CYBLE_EVT_L2CAP_CBFC_DISCONN_CNF\000"
 747      455F4556 
 747      545F4C32 
 747      4341505F 
 747      43424643 
 748              	.LASF12:
 749 0233 666C6F61 		.ascii	"float\000"
 749      7400
 750              	.LASF26:
 751 0239 4359424C 		.ascii	"CYBLE_EVT_GAP_AUTH_COMPLETE\000"
 751      455F4556 
 751      545F4741 
 751      505F4155 
 751      54485F43 
 752              	.LASF48:
 753 0255 4359424C 		.ascii	"CYBLE_EVT_GATTC_WRITE_RSP\000"
 753      455F4556 
 753      545F4741 
 753      5454435F 
 753      57524954 
 754              	.LASF6:
 755 026f 6C6F6E67 		.ascii	"long long int\000"
 755      206C6F6E 
 755      6720696E 
 755      7400
 756              	.LASF7:
 757 027d 6C6F6E67 		.ascii	"long long unsigned int\000"
 757      206C6F6E 
 757      6720756E 
 757      7369676E 
 757      65642069 
 758              	.LASF4:
 759 0294 6C6F6E67 		.ascii	"long int\000"
 759      20696E74 
 759      00
 760              	.LASF54:
 761 029d 4359424C 		.ascii	"CYBLE_EVT_GATTC_HANDLE_VALUE_IND\000"
ARM GAS  C:\Users\Admin\AppData\Local\Temp\ccaGXjpz.s 			page 19


 761      455F4556 
 761      545F4741 
 761      5454435F 
 761      48414E44 
 762              	.LASF29:
 763 02be 4359424C 		.ascii	"CYBLE_EVT_GAP_DEVICE_CONNECTED\000"
 763      455F4556 
 763      545F4741 
 763      505F4445 
 763      56494345 
 764              	.LASF71:
 765 02dd 4359424C 		.ascii	"CYBLE_HRS_BSL\000"
 765      455F4852 
 765      535F4253 
 765      4C00
 766              	.LASF53:
 767 02eb 4359424C 		.ascii	"CYBLE_EVT_GATTC_HANDLE_VALUE_NTF\000"
 767      455F4556 
 767      545F4741 
 767      5454435F 
 767      48414E44 
 768              	.LASF21:
 769 030c 4359424C 		.ascii	"CYBLE_EVT_STACK_BUSY_STATUS\000"
 769      455F4556 
 769      545F5354 
 769      41434B5F 
 769      42555359 
 770              	.LASF75:
 771 0328 4359424C 		.ascii	"CYBLE_DIS_MODEL_NUMBER\000"
 771      455F4449 
 771      535F4D4F 
 771      44454C5F 
 771      4E554D42 
 772              	.LASF25:
 773 033f 4359424C 		.ascii	"CYBLE_EVT_GAP_PASSKEY_DISPLAY_REQUEST\000"
 773      455F4556 
 773      545F4741 
 773      505F5041 
 773      53534B45 
 774              	.LASF70:
 775 0365 4359424C 		.ascii	"CYBLE_HRS_HRM\000"
 775      455F4852 
 775      535F4852 
 775      4D00
 776              	.LASF61:
 777 0373 4359424C 		.ascii	"CYBLE_EVT_L2CAP_CBFC_CONN_CNF\000"
 777      455F4556 
 777      545F4C32 
 777      4341505F 
 777      43424643 
 778              	.LASF69:
 779 0391 4359424C 		.ascii	"CYBLE_EVT_MAX\000"
 779      455F4556 
 779      545F4D41 
 779      5800
 780              	.LASF9:
 781 039f 75696E74 		.ascii	"uint8\000"
ARM GAS  C:\Users\Admin\AppData\Local\Temp\ccaGXjpz.s 			page 20


 781      3800
 782              	.LASF87:
 783 03a5 6E657742 		.ascii	"newBeatTime\000"
 783      65617454 
 783      696D6500 
 784              	.LASF57:
 785 03b1 4359424C 		.ascii	"CYBLE_EVT_L2CAP_CONN_PARAM_UPDATE_REQ\000"
 785      455F4556 
 785      545F4C32 
 785      4341505F 
 785      434F4E4E 
 786              	.LASF1:
 787 03d7 756E7369 		.ascii	"unsigned char\000"
 787      676E6564 
 787      20636861 
 787      7200
 788              	.LASF50:
 789 03e5 4359424C 		.ascii	"CYBLE_EVT_GATTS_PREP_WRITE_REQ\000"
 789      455F4556 
 789      545F4741 
 789      5454535F 
 789      50524550 
 790              	.LASF84:
 791 0404 6E657742 		.ascii	"newBeat\000"
 791      65617400 
 792              	.LASF72:
 793 040c 4359424C 		.ascii	"CYBLE_HRS_CPT\000"
 793      455F4852 
 793      535F4350 
 793      5400
 794              	.LASF0:
 795 041a 7369676E 		.ascii	"signed char\000"
 795      65642063 
 795      68617200 
 796              	.LASF47:
 797 0426 4359424C 		.ascii	"CYBLE_EVT_GATTS_WRITE_REQ\000"
 797      455F4556 
 797      545F4741 
 797      5454535F 
 797      57524954 
 798              	.LASF43:
 799 0440 4359424C 		.ascii	"CYBLE_EVT_GATTC_FIND_BY_TYPE_VALUE_RSP\000"
 799      455F4556 
 799      545F4741 
 799      5454435F 
 799      46494E44 
 800              	.LASF93:
 801 0467 433A5C55 		.ascii	"C:\\Users\\Admin\\Desktop\\GitHub\\Lab3\\BLE Lab 3\\"
 801      73657273 
 801      5C41646D 
 801      696E5C44 
 801      65736B74 
 802 0494 424C4520 		.ascii	"BLE Lab 3.cydsn\000"
 802      4C616220 
 802      332E6379 
 802      64736E00 
 803              	.LASF8:
ARM GAS  C:\Users\Admin\AppData\Local\Temp\ccaGXjpz.s 			page 21


 804 04a4 756E7369 		.ascii	"unsigned int\000"
 804      676E6564 
 804      20696E74 
 804      00
 805              	.LASF36:
 806 04b1 4359424C 		.ascii	"CYBLE_EVT_GATT_CONNECT_IND\000"
 806      455F4556 
 806      545F4741 
 806      54545F43 
 806      4F4E4E45 
 807              	.LASF5:
 808 04cc 6C6F6E67 		.ascii	"long unsigned int\000"
 808      20756E73 
 808      69676E65 
 808      6420696E 
 808      7400
 809              	.LASF23:
 810 04de 4359424C 		.ascii	"CYBLE_EVT_GAP_AUTH_REQ\000"
 810      455F4556 
 810      545F4741 
 810      505F4155 
 810      54485F52 
 811              	.LASF62:
 812 04f5 4359424C 		.ascii	"CYBLE_EVT_L2CAP_CBFC_DISCONN_IND\000"
 812      455F4556 
 812      545F4C32 
 812      4341505F 
 812      43424643 
 813              	.LASF31:
 814 0516 4359424C 		.ascii	"CYBLE_EVT_GAP_ENCRYPT_CHANGE\000"
 814      455F4556 
 814      545F4741 
 814      505F454E 
 814      43525950 
 815              	.LASF44:
 816 0533 4359424C 		.ascii	"CYBLE_EVT_GATTC_READ_RSP\000"
 816      455F4556 
 816      545F4741 
 816      5454435F 
 816      52454144 
 817              	.LASF92:
 818 054c 2E5C4865 		.ascii	".\\HeartRateProcessing.c\000"
 818      61727452 
 818      61746550 
 818      726F6365 
 818      7373696E 
 819              	.LASF32:
 820 0564 4359424C 		.ascii	"CYBLE_EVT_GAP_CONNECTION_UPDATE_COMPLETE\000"
 820      455F4556 
 820      545F4741 
 820      505F434F 
 820      4E4E4543 
 821              	.LASF86:
 822 058d 70726576 		.ascii	"previousBeatTime\000"
 822      696F7573 
 822      42656174 
 822      54696D65 
ARM GAS  C:\Users\Admin\AppData\Local\Temp\ccaGXjpz.s 			page 22


 822      00
 823              	.LASF14:
 824 059e 63686172 		.ascii	"char\000"
 824      00
 825              	.LASF59:
 826 05a3 4359424C 		.ascii	"CYBLE_EVT_L2CAP_COMMAND_REJ\000"
 826      455F4556 
 826      545F4C32 
 826      4341505F 
 826      434F4D4D 
 827              	.LASF3:
 828 05bf 73686F72 		.ascii	"short unsigned int\000"
 828      7420756E 
 828      7369676E 
 828      65642069 
 828      6E7400
 829              	.LASF90:
 830 05d2 5F426F6F 		.ascii	"_Bool\000"
 830      6C00
 831              	.LASF81:
 832 05d8 4359424C 		.ascii	"CYBLE_DIS_REG_CERT_DATA\000"
 832      455F4449 
 832      535F5245 
 832      475F4345 
 832      52545F44 
 833              	.LASF45:
 834 05f0 4359424C 		.ascii	"CYBLE_EVT_GATTC_READ_BLOB_RSP\000"
 834      455F4556 
 834      545F4741 
 834      5454435F 
 834      52454144 
 835              	.LASF52:
 836 060e 4359424C 		.ascii	"CYBLE_EVT_GATTC_EXEC_WRITE_RSP\000"
 836      455F4556 
 836      545F4741 
 836      5454435F 
 836      45584543 
 837              	.LASF10:
 838 062d 75696E74 		.ascii	"uint32\000"
 838      333200
 839              	.LASF68:
 840 0634 4359424C 		.ascii	"CYBLE_EVT_PENDING_FLASH_WRITE\000"
 840      455F4556 
 840      545F5045 
 840      4E44494E 
 840      475F464C 
 841              	.LASF65:
 842 0652 4359424C 		.ascii	"CYBLE_EVT_L2CAP_CBFC_RX_CREDIT_IND\000"
 842      455F4556 
 842      545F4C32 
 842      4341505F 
 842      43424643 
 843              	.LASF13:
 844 0675 646F7562 		.ascii	"double\000"
 844      6C6500
 845              	.LASF89:
 846 067c 74776F53 		.ascii	"twoSampleTime\000"
ARM GAS  C:\Users\Admin\AppData\Local\Temp\ccaGXjpz.s 			page 23


 846      616D706C 
 846      6554696D 
 846      6500
 847              	.LASF66:
 848 068a 4359424C 		.ascii	"CYBLE_EVT_L2CAP_CBFC_TX_CREDIT_IND\000"
 848      455F4556 
 848      545F4C32 
 848      4341505F 
 848      43424643 
 849              	.LASF83:
 850 06ad 4359424C 		.ascii	"CYBLE_DIS_CHAR_COUNT\000"
 850      455F4449 
 850      535F4348 
 850      41525F43 
 850      4F554E54 
 851              	.LASF28:
 852 06c2 4359424C 		.ascii	"CYBLE_EVT_GAPP_ADVERTISEMENT_START_STOP\000"
 852      455F4556 
 852      545F4741 
 852      50505F41 
 852      44564552 
 853              	.LASF19:
 854 06ea 4359424C 		.ascii	"CYBLE_EVT_HARDWARE_ERROR\000"
 854      455F4556 
 854      545F4841 
 854      52445741 
 854      52455F45 
 855              	.LASF64:
 856 0703 4359424C 		.ascii	"CYBLE_EVT_L2CAP_CBFC_DATA_READ\000"
 856      455F4556 
 856      545F4C32 
 856      4341505F 
 856      43424643 
 857              	.LASF58:
 858 0722 4359424C 		.ascii	"CYBLE_EVT_L2CAP_CONN_PARAM_UPDATE_RSP\000"
 858      455F4556 
 858      545F4C32 
 858      4341505F 
 858      434F4E4E 
 859              	.LASF22:
 860 0748 4359424C 		.ascii	"CYBLE_EVT_GAPC_SCAN_PROGRESS_RESULT\000"
 860      455F4556 
 860      545F4741 
 860      50435F53 
 860      43414E5F 
 861              	.LASF40:
 862 076c 4359424C 		.ascii	"CYBLE_EVT_GATTC_READ_BY_GROUP_TYPE_RSP\000"
 862      455F4556 
 862      545F4741 
 862      5454435F 
 862      52454144 
 863              	.LASF78:
 864 0793 4359424C 		.ascii	"CYBLE_DIS_FIRMWARE_REV\000"
 864      455F4449 
 864      535F4649 
 864      524D5741 
 864      52455F52 
ARM GAS  C:\Users\Admin\AppData\Local\Temp\ccaGXjpz.s 			page 24


 865              	.LASF39:
 866 07aa 4359424C 		.ascii	"CYBLE_EVT_GATTC_XCHNG_MTU_RSP\000"
 866      455F4556 
 866      545F4741 
 866      5454435F 
 866      5843484E 
 867              	.LASF77:
 868 07c8 4359424C 		.ascii	"CYBLE_DIS_HARDWARE_REV\000"
 868      455F4449 
 868      535F4841 
 868      52445741 
 868      52455F52 
 869              	.LASF18:
 870 07df 4359424C 		.ascii	"CYBLE_EVT_TIMEOUT\000"
 870      455F4556 
 870      545F5449 
 870      4D454F55 
 870      5400
 871              	.LASF67:
 872 07f1 4359424C 		.ascii	"CYBLE_EVT_L2CAP_CBFC_DATA_WRITE_IND\000"
 872      455F4556 
 872      545F4C32 
 872      4341505F 
 872      43424643 
 873              	.LASF33:
 874 0815 4359424C 		.ascii	"CYBLE_EVT_GAPC_SCAN_START_STOP\000"
 874      455F4556 
 874      545F4741 
 874      50435F53 
 874      43414E5F 
 875              	.LASF88:
 876 0834 6164634F 		.ascii	"adcOut\000"
 876      757400
 877              	.LASF42:
 878 083b 4359424C 		.ascii	"CYBLE_EVT_GATTC_FIND_INFO_RSP\000"
 878      455F4556 
 878      545F4741 
 878      5454435F 
 878      46494E44 
 879              	.LASF95:
 880 0859 68656172 		.ascii	"heartRate\000"
 880      74526174 
 880      6500
 881              	.LASF51:
 882 0863 4359424C 		.ascii	"CYBLE_EVT_GATTS_EXEC_WRITE_REQ\000"
 882      455F4556 
 882      545F4741 
 882      5454535F 
 882      45584543 
 883              	.LASF30:
 884 0882 4359424C 		.ascii	"CYBLE_EVT_GAP_DEVICE_DISCONNECTED\000"
 884      455F4556 
 884      545F4741 
 884      505F4445 
 884      56494345 
 885              	.LASF56:
 886 08a4 4359424C 		.ascii	"CYBLE_EVT_GATTS_DATA_SIGNED_CMD_REQ\000"
ARM GAS  C:\Users\Admin\AppData\Local\Temp\ccaGXjpz.s 			page 25


 886      455F4556 
 886      545F4741 
 886      5454535F 
 886      44415441 
 887              	.LASF91:
 888 08c8 474E5520 		.ascii	"GNU C 4.8.4 20140526 (release) [ARM/embedded-4_8-br"
 888      4320342E 
 888      382E3420 
 888      32303134 
 888      30353236 
 889 08fb 616E6368 		.ascii	"anch revision 211358] -mcpu=cortex-m0 -mthumb -g -O"
 889      20726576 
 889      6973696F 
 889      6E203231 
 889      31333538 
 890 092e 30202D66 		.ascii	"0 -ffunction-sections\000"
 890      66756E63 
 890      74696F6E 
 890      2D736563 
 890      74696F6E 
 891              	.LASF80:
 892 0944 4359424C 		.ascii	"CYBLE_DIS_SYSTEM_ID\000"
 892      455F4449 
 892      535F5359 
 892      5354454D 
 892      5F494400 
 893              	.LASF74:
 894 0958 4359424C 		.ascii	"CYBLE_DIS_MANUFACTURER_NAME\000"
 894      455F4449 
 894      535F4D41 
 894      4E554641 
 894      43545552 
 895              	.LASF82:
 896 0974 4359424C 		.ascii	"CYBLE_DIS_PNP_ID\000"
 896      455F4449 
 896      535F504E 
 896      505F4944 
 896      00
 897              		.ident	"GCC: (GNU Tools for ARM Embedded Processors) 4.8.4 20140526 (release) [ARM/embedded-4_8-br
